Determining if the pthread_create exist failed with the following output:
Change Dir: /home/carry/optor_vi-stereo-v1/optor_VI_Sensor_SDK_V1.0/ROS/optor_stereo_visensor/build/catkin_tools_prebuild/CMakeFiles/CMakeTmp

Run Build Command:"/usr/bin/make" "cmTC_b5603/fast"
/usr/bin/make -f CMakeFiles/cmTC_b5603.dir/build.make CMakeFiles/cmTC_b5603.dir/build
make[1]: Entering directory '/home/carry/optor_vi-stereo-v1/optor_VI_Sensor_SDK_V1.0/ROS/optor_stereo_visensor/build/catkin_tools_prebuild/CMakeFiles/CMakeTmp'
Building C object CMakeFiles/cmTC_b5603.dir/CheckSymbolExists.c.o
/usr/bin/cc     -o CMakeFiles/cmTC_b5603.dir/CheckSymbolExists.c.o   -c /home/carry/optor_vi-stereo-v1/optor_VI_Sensor_SDK_V1.0/ROS/optor_stereo_visensor/build/catkin_tools_prebuild/CMakeFiles/CMakeTmp/CheckSymbolExists.c
Linking C executable cmTC_b5603
/usr/bin/cmake -E cmake_link_script CMakeFiles/cmTC_b5603.dir/link.txt --verbose=1
/usr/bin/cc       CMakeFiles/cmTC_b5603.dir/CheckSymbolExists.c.o  -o cmTC_b5603 -rdynamic 
CMakeFiles/cmTC_b5603.dir/CheckSymbolExists.c.o: In function `main':
CheckSymbolExists.c:(.text+0x16): undefined reference to `pthread_create'
collect2: error: ld returned 1 exit status
CMakeFiles/cmTC_b5603.dir/build.make:97: recipe for target 'cmTC_b5603' failed
make[1]: *** [cmTC_b5603] Error 1
make[1]: Leaving directory '/home/carry/optor_vi-stereo-v1/optor_VI_Sensor_SDK_V1.0/ROS/optor_stereo_visensor/build/catkin_tools_prebuild/CMakeFiles/CMakeTmp'
Makefile:126: recipe for target 'cmTC_b5603/fast' failed
make: *** [cmTC_b5603/fast] Error 2

File /home/carry/optor_vi-stereo-v1/optor_VI_Sensor_SDK_V1.0/ROS/optor_stereo_visensor/build/catkin_tools_prebuild/CMakeFiles/CMakeTmp/CheckSymbolExists.c:
/* */
#include <pthread.h>

int main(int argc, char** argv)
{
  (void)argv;
#ifndef pthread_create
  return ((int*)(&pthread_create))[argc];
#else
  (void)argc;
  return 0;
#endif
}

Determining if the function pthread_create exists in the pthreads failed with the following output:
Change Dir: /home/carry/optor_vi-stereo-v1/optor_VI_Sensor_SDK_V1.0/ROS/optor_stereo_visensor/build/catkin_tools_prebuild/CMakeFiles/CMakeTmp

Run Build Command:"/usr/bin/make" "cmTC_c0e43/fast"
/usr/bin/make -f CMakeFiles/cmTC_c0e43.dir/build.make CMakeFiles/cmTC_c0e43.dir/build
make[1]: Entering directory '/home/carry/optor_vi-stereo-v1/optor_VI_Sensor_SDK_V1.0/ROS/optor_stereo_visensor/build/catkin_tools_prebuild/CMakeFiles/CMakeTmp'
Building C object CMakeFiles/cmTC_c0e43.dir/CheckFunctionExists.c.o
/usr/bin/cc    -DCHECK_FUNCTION_EXISTS=pthread_create   -o CMakeFiles/cmTC_c0e43.dir/CheckFunctionExists.c.o   -c /usr/share/cmake-3.5/Modules/CheckFunctionExists.c
Linking C executable cmTC_c0e43
/usr/bin/cmake -E cmake_link_script CMakeFiles/cmTC_c0e43.dir/link.txt --verbose=1
/usr/bin/cc   -DCHECK_FUNCTION_EXISTS=pthread_create    CMakeFiles/cmTC_c0e43.dir/CheckFunctionExists.c.o  -o cmTC_c0e43 -rdynamic -lpthreads 
/usr/bin/ld: cannot find -lpthreads
collect2: error: ld returned 1 exit status
CMakeFiles/cmTC_c0e43.dir/build.make:97: recipe for target 'cmTC_c0e43' failed
make[1]: *** [cmTC_c0e43] Error 1
make[1]: Leaving directory '/home/carry/optor_vi-stereo-v1/optor_VI_Sensor_SDK_V1.0/ROS/optor_stereo_visensor/build/catkin_tools_prebuild/CMakeFiles/CMakeTmp'
Makefile:126: recipe for target 'cmTC_c0e43/fast' failed
make: *** [cmTC_c0e43/fast] Error 2


